<?xml version="1.0" encoding="UTF-8"?>
<testsuite errors="0" failures="0" file="example_hello_tests.py" name="example_hello_tests.HelloWorldTest-20190925041927" skipped="0" tests="1" time="0.001" timestamp="2019-09-25T04:19:27">
	<testcase classname="example_hello_tests.HelloWorldTest" file="src/unittest/python/example_hello_tests.py" line="8" name="test_correct_message" time="0.001" timestamp="2019-09-25T04:19:27">
		<system-out>
<![CDATA[]]>		</system-out>
		<system-err>
<![CDATA[]]>		</system-err>
	</testcase>
</testsuite>
